CYBR
FTNT
PANW
ZIXI
CHKP
RDWR
PFPT
QLYS
VRNS
FEYE
SCWX
FICO
FSCT
EPAM
NOW
CDW
CSGP
WIX
INFY
INOV
UIS
MAMS
DAVA
LXFT
PSDO
STCN
SAIC
NTNX
CDK
MHH
BZUN
ASGN
DOX
PRSP
DXC
GIT
CLPS
DTSS
ABIL
ANY
MRCY
SSYS
INVE
LOGI
EFII
LPL
VJET
IMMR
TACT
VUZI
CYBE
MVIS
LITE
IPGP
CUTR
ATEN
RBBN
DZSI
AVYA
EVOL
W
CVNA
TZOO
MELI
IAC
TRIP
AMZN
EXPE
CTRP
BABA
TVPT
EBAY
PDD
CARS
JD
STMP
PETS
PFGC
NGVC
VSI
SFM
FARM
SPTN
WWE
FOX
FOXA
IMAX
EROS
MSGN
LGF-A
TECO
PLUS
SCSC
PSDO
SNX
ZNGA
DDE
ERI
CNTY
AGS
UWN
MCRI
CHDN
MLCO
RRR
BYD
LVS
PENN
MGM
WBAI
WYNN
CZR
FLL
TSG
IGT
GDEN
NYNY